<?xml version="1.0" encoding="UTF-8"?>
<testsuite name="ResistorColorTest" tests="4" skipped="0" failures="0" errors="0" timestamp="2024-04-24T08:02:55" hostname="PIYUSH-PC" time="0.141">
  <properties/>
  <testcase name="testWhiteColorCode()" classname="ResistorColorTest" time="0.114"/>
  <testcase name="testColors()" classname="ResistorColorTest" time="0.016"/>
  <testcase name="testBlackColorCode()" classname="ResistorColorTest" time="0.001"/>
  <testcase name="testOrangeColorCode()" classname="ResistorColorTest" time="0.002"/>
  <system-out><![CDATA[]]></system-out>
  <system-err><![CDATA[]]></system-err>
</testsuite>
