<?xml version="1.0" encoding="UTF-8"?>
<testsuite name="ResistorColorTest" tests="5" skipped="0" failures="0" errors="0" timestamp="2024-05-03T12:36:02" hostname="PIYUSH-PC" time="0.158">
  <properties/>
  <testcase name="testWhiteColorCode()" classname="ResistorColorTest" time="0.13"/>
  <testcase name="testColors()" classname="ResistorColorTest" time="0.015"/>
  <testcase name="testBlackColorCode()" classname="ResistorColorTest" time="0.001"/>
  <testcase name="testInvalidColor()" classname="ResistorColorTest" time="0.005"/>
  <testcase name="testOrangeColorCode()" classname="ResistorColorTest" time="0.001"/>
  <system-out><![CDATA[]]></system-out>
  <system-err><![CDATA[]]></system-err>
</testsuite>
